0 info it worked if it ends with ok
1 verbose cli [ 'node',
1 verbose cli   '/Users/davidclements/npm-global/bin/npm',
1 verbose cli   'version',
1 verbose cli   'patch' ]
2 info using npm@3.5.0
3 info using node@v0.10.40
4 verbose node symlink /usr/local/bin/node
5 info git [ 'status', '--porcelain' ]
6 verbose stack Error: Git working directory not clean.
6 verbose stack M Readme.md
6 verbose stack M index.js
6 verbose stack M package.json
6 verbose stack     at /Users/davidclements/npm-global/lib/node_modules/npm/lib/version.js:172:21
6 verbose stack     at ChildProcess.exithandler (child_process.js:656:7)
6 verbose stack     at ChildProcess.emit (events.js:98:17)
6 verbose stack     at maybeClose (child_process.js:766:16)
6 verbose stack     at Socket.<anonymous> (child_process.js:979:11)
6 verbose stack     at Socket.emit (events.js:95:17)
6 verbose stack     at Pipe.close (net.js:466:12)
7 verbose cwd /Users/davidclements/z/nearForm/incite
8 error Darwin 15.0.0
9 error argv "node" "/Users/davidclements/npm-global/bin/npm" "version" "patch"
10 error node v0.10.40
11 error npm  v3.5.0
12 error Git working directory not clean.
12 error M Readme.md
12 error M index.js
12 error M package.json
13 error If you need help, you may report this error at:
13 error     <https://github.com/npm/npm/issues>
14 verbose exit [ 1, true ]
